<?xml version="1.0" encoding="UTF-8"?>
<coverage generated="1634886896225" clover="3.2.0">
  <project timestamp="1634886896226" name="All files">
    <metrics statements="28" coveredstatements="4" conditionals="16" coveredconditionals="0" methods="11" coveredmethods="2" elements="55" coveredelements="6" complexity="0" loc="28" ncloc="28" packages="1" files="1" classes="1"/>
    <file name="colorpicker.js" path="C:\Users\smrit\vvv-local\www\wordpress-two\public_html\wp-content\plugins\wplegalpages\src\colorpicker.js">
      <metrics statements="28" coveredstatements="4" conditionals="16" coveredconditionals="0" methods="11" coveredmethods="2"/>
      <line num="3" count="1" type="stmt"/>
      <line num="19" count="1" type="stmt"/>
      <line num="28" count="0" type="cond" truecount="0" falsecount="2"/>
      <line num="32" count="1" type="stmt"/>
      <line num="33" count="1" type="stmt"/>
      <line num="36" count="0" type="cond" truecount="0" falsecount="2"/>
      <line num="37" count="0" type="stmt"/>
      <line num="41" count="0" type="cond" truecount="0" falsecount="2"/>
      <line num="42" count="0" type="stmt"/>
      <line num="43" count="0" type="stmt"/>
      <line num="44" count="0" type="stmt"/>
      <line num="51" count="0" type="stmt"/>
      <line num="52" count="0" type="stmt"/>
      <line num="55" count="0" type="stmt"/>
      <line num="56" count="0" type="stmt"/>
      <line num="59" count="0" type="cond" truecount="0" falsecount="2"/>
      <line num="62" count="0" type="stmt"/>
      <line num="65" count="0" type="stmt"/>
      <line num="66" count="0" type="cond" truecount="0" falsecount="2"/>
      <line num="67" count="0" type="stmt"/>
      <line num="70" count="0" type="stmt"/>
      <line num="74" count="0" type="stmt"/>
      <line num="75" count="0" type="stmt"/>
      <line num="76" count="0" type="cond" truecount="0" falsecount="4"/>
      <line num="77" count="0" type="stmt"/>
      <line num="83" count="0" type="cond" truecount="0" falsecount="2"/>
      <line num="84" count="0" type="stmt"/>
      <line num="85" count="0" type="stmt"/>
    </file>
  </project>
</coverage>
