{"C:\\Users\\smrit\\vvv-local\\www\\wordpress-two\\public_html\\wp-content\\plugins\\wplegalpages\\src\\colorpicker.js": {"path":"C:\\Users\\smrit\\vvv-local\\www\\wordpress-two\\public_html\\wp-content\\plugins\\wplegalpages\\src\\colorpicker.js","statementMap":{"0":{"start":{"line":3,"column":13},"end":{"line":3,"column":19}},"1":{"start":{"line":19,"column":2},"end":{"line":25,"column":3}},"2":{"start":{"line":28,"column":2},"end":{"line":28,"column":41}},"3":{"start":{"line":32,"column":3},"end":{"line":32,"column":28}},"4":{"start":{"line":33,"column":3},"end":{"line":33,"column":27}},"5":{"start":{"line":36,"column":3},"end":{"line":48,"column":4}},"6":{"start":{"line":37,"column":4},"end":{"line":39,"column":6}},"7":{"start":{"line":41,"column":8},"end":{"line":48,"column":4}},"8":{"start":{"line":42,"column":15},"end":{"line":42,"column":63}},"9":{"start":{"line":43,"column":11},"end":{"line":43,"column":125}},"10":{"start":{"line":44,"column":4},"end":{"line":47,"column":5}},"11":{"start":{"line":51,"column":3},"end":{"line":51,"column":58}},"12":{"start":{"line":52,"column":3},"end":{"line":52,"column":29}},"13":{"start":{"line":55,"column":3},"end":{"line":55,"column":61}},"14":{"start":{"line":56,"column":3},"end":{"line":56,"column":30}},"15":{"start":{"line":59,"column":3},"end":{"line":59,"column":62}},"16":{"start":{"line":62,"column":3},"end":{"line":62,"column":38}},"17":{"start":{"line":65,"column":3},"end":{"line":65,"column":23}},"18":{"start":{"line":66,"column":3},"end":{"line":71,"column":4}},"19":{"start":{"line":67,"column":4},"end":{"line":67,"column":32}},"20":{"start":{"line":70,"column":4},"end":{"line":70,"column":117}},"21":{"start":{"line":74,"column":12},"end":{"line":74,"column":34}},"22":{"start":{"line":75,"column":13},"end":{"line":75,"column":21}},"23":{"start":{"line":76,"column":3},"end":{"line":78,"column":4}},"24":{"start":{"line":77,"column":4},"end":{"line":77,"column":21}},"25":{"start":{"line":83,"column":3},"end":{"line":87,"column":4}},"26":{"start":{"line":84,"column":4},"end":{"line":84,"column":27}},"27":{"start":{"line":85,"column":4},"end":{"line":85,"column":29}}},"fnMap":{"0":{"name":"(anonymous_0)","decl":{"start":{"line":18,"column":1},"end":{"line":18,"column":2}},"loc":{"start":{"line":18,"column":8},"end":{"line":26,"column":2}},"line":18},"1":{"name":"(anonymous_1)","decl":{"start":{"line":27,"column":1},"end":{"line":27,"column":2}},"loc":{"start":{"line":27,"column":11},"end":{"line":29,"column":2}},"line":27},"2":{"name":"(anonymous_2)","decl":{"start":{"line":31,"column":2},"end":{"line":31,"column":3}},"loc":{"start":{"line":31,"column":18},"end":{"line":34,"column":3}},"line":31},"3":{"name":"(anonymous_3)","decl":{"start":{"line":35,"column":2},"end":{"line":35,"column":3}},"loc":{"start":{"line":35,"column":22},"end":{"line":49,"column":3}},"line":35},"4":{"name":"(anonymous_4)","decl":{"start":{"line":50,"column":2},"end":{"line":50,"column":3}},"loc":{"start":{"line":50,"column":15},"end":{"line":53,"column":3}},"line":50},"5":{"name":"(anonymous_5)","decl":{"start":{"line":54,"column":2},"end":{"line":54,"column":3}},"loc":{"start":{"line":54,"column":15},"end":{"line":57,"column":3}},"line":54},"6":{"name":"(anonymous_6)","decl":{"start":{"line":58,"column":2},"end":{"line":58,"column":3}},"loc":{"start":{"line":58,"column":17},"end":{"line":60,"column":3}},"line":58},"7":{"name":"(anonymous_7)","decl":{"start":{"line":61,"column":2},"end":{"line":61,"column":3}},"loc":{"start":{"line":61,"column":20},"end":{"line":63,"column":3}},"line":61},"8":{"name":"(anonymous_8)","decl":{"start":{"line":64,"column":2},"end":{"line":64,"column":3}},"loc":{"start":{"line":64,"column":26},"end":{"line":72,"column":3}},"line":64},"9":{"name":"(anonymous_9)","decl":{"start":{"line":73,"column":2},"end":{"line":73,"column":3}},"loc":{"start":{"line":73,"column":19},"end":{"line":79,"column":3}},"line":73},"10":{"name":"(anonymous_10)","decl":{"start":{"line":82,"column":2},"end":{"line":82,"column":3}},"loc":{"start":{"line":82,"column":18},"end":{"line":88,"column":3}},"line":82}},"branchMap":{"0":{"loc":{"start":{"line":28,"column":16},"end":{"line":28,"column":39}},"type":"binary-expr","locations":[{"start":{"line":28,"column":16},"end":{"line":28,"column":26}},{"start":{"line":28,"column":30},"end":{"line":28,"column":39}}],"line":28},"1":{"loc":{"start":{"line":36,"column":3},"end":{"line":48,"column":4}},"type":"if","locations":[{"start":{"line":36,"column":3},"end":{"line":48,"column":4}},{"start":{"line":36,"column":3},"end":{"line":48,"column":4}}],"line":36},"2":{"loc":{"start":{"line":41,"column":8},"end":{"line":48,"column":4}},"type":"if","locations":[{"start":{"line":41,"column":8},"end":{"line":48,"column":4}},{"start":{"line":41,"column":8},"end":{"line":48,"column":4}}],"line":41},"3":{"loc":{"start":{"line":59,"column":3},"end":{"line":59,"column":61}},"type":"cond-expr","locations":[{"start":{"line":59,"column":24},"end":{"line":59,"column":41}},{"start":{"line":59,"column":44},"end":{"line":59,"column":61}}],"line":59},"4":{"loc":{"start":{"line":66,"column":3},"end":{"line":71,"column":4}},"type":"if","locations":[{"start":{"line":66,"column":3},"end":{"line":71,"column":4}},{"start":{"line":66,"column":3},"end":{"line":71,"column":4}}],"line":66},"5":{"loc":{"start":{"line":76,"column":3},"end":{"line":78,"column":4}},"type":"if","locations":[{"start":{"line":76,"column":3},"end":{"line":78,"column":4}},{"start":{"line":76,"column":3},"end":{"line":78,"column":4}}],"line":76},"6":{"loc":{"start":{"line":76,"column":6},"end":{"line":76,"column":43}},"type":"binary-expr","locations":[{"start":{"line":76,"column":6},"end":{"line":76,"column":19}},{"start":{"line":76,"column":23},"end":{"line":76,"column":43}}],"line":76},"7":{"loc":{"start":{"line":83,"column":3},"end":{"line":87,"column":4}},"type":"if","locations":[{"start":{"line":83,"column":3},"end":{"line":87,"column":4}},{"start":{"line":83,"column":3},"end":{"line":87,"column":4}}],"line":83}},"s":{"0":1,"1":1,"2":0,"3":1,"4":1,"5":0,"6":0,"7":0,"8":0,"9":0,"10":0,"11":0,"12":0,"13":0,"14":0,"15":0,"16":0,"17":0,"18":0,"19":0,"20":0,"21":0,"22":0,"23":0,"24":0,"25":0,"26":0,"27":0},"f":{"0":1,"1":0,"2":1,"3":0,"4":0,"5":0,"6":0,"7":0,"8":0,"9":0,"10":0},"b":{"0":[0,0],"1":[0,0],"2":[0,0],"3":[0,0],"4":[0,0],"5":[0,0],"6":[0,0],"7":[0,0]},"_coverageSchema":"1a1c01bbd47fc00a2c39e90264f33305004495a9","hash":"0ddab19ed214643dac19bdee9dacbaeac98f866e"}
}
